\BOOKMARK [1][-]{section.1}{\376\377\000P\000r\000o\000j\000e\000c\000t\000\040\000O\000v\000e\000r\000v\000i\000e\000w}{}% 1
\BOOKMARK [2][-]{subsection.1.1}{\376\377\000P\000r\000o\000j\000e\000c\000t\000\040\000N\000a\000m\000e}{section.1}% 2
\BOOKMARK [2][-]{subsection.1.2}{\376\377\000O\000b\000j\000e\000c\000t\000i\000v\000e}{section.1}% 3
\BOOKMARK [1][-]{section.2}{\376\377\000T\000e\000c\000h\000n\000o\000l\000o\000g\000y\000\040\000S\000t\000a\000c\000k}{}% 4
\BOOKMARK [2][-]{subsection.2.1}{\376\377\000F\000r\000o\000n\000t\000e\000n\000d}{section.2}% 5
\BOOKMARK [2][-]{subsection.2.2}{\376\377\000B\000a\000c\000k\000e\000n\000d}{section.2}% 6
\BOOKMARK [2][-]{subsection.2.3}{\376\377\000D\000a\000t\000a\000b\000a\000s\000e}{section.2}% 7
\BOOKMARK [2][-]{subsection.2.4}{\376\377\000D\000e\000p\000l\000o\000y\000m\000e\000n\000t}{section.2}% 8
\BOOKMARK [1][-]{section.3}{\376\377\000C\000o\000r\000e\000\040\000F\000e\000a\000t\000u\000r\000e\000s}{}% 9
\BOOKMARK [2][-]{subsection.3.1}{\376\377\000P\000l\000a\000y\000e\000r\000\040\000M\000a\000n\000a\000g\000e\000m\000e\000n\000t}{section.3}% 10
\BOOKMARK [2][-]{subsection.3.2}{\376\377\000M\000a\000t\000c\000h\000\040\000M\000a\000n\000a\000g\000e\000m\000e\000n\000t}{section.3}% 11
\BOOKMARK [2][-]{subsection.3.3}{\376\377\000S\000c\000o\000r\000e\000b\000o\000a\000r\000d}{section.3}% 12
\BOOKMARK [2][-]{subsection.3.4}{\376\377\000A\000n\000a\000l\000y\000t\000i\000c\000s}{section.3}% 13
\BOOKMARK [2][-]{subsection.3.5}{\376\377\000O\000f\000f\000l\000i\000n\000e\000\040\000S\000u\000p\000p\000o\000r\000t}{section.3}% 14
\BOOKMARK [1][-]{section.4}{\376\377\000S\000y\000s\000t\000e\000m\000\040\000A\000r\000c\000h\000i\000t\000e\000c\000t\000u\000r\000e}{}% 15
\BOOKMARK [2][-]{subsection.4.1}{\376\377\000H\000i\000g\000h\000-\000L\000e\000v\000e\000l\000\040\000A\000r\000c\000h\000i\000t\000e\000c\000t\000u\000r\000e}{section.4}% 16
\BOOKMARK [1][-]{section.5}{\376\377\000F\000r\000o\000n\000t\000e\000n\000d\000\040\000A\000r\000c\000h\000i\000t\000e\000c\000t\000u\000r\000e}{}% 17
\BOOKMARK [2][-]{subsection.5.1}{\376\377\000F\000r\000o\000n\000t\000e\000n\000d\000\040\000F\000o\000l\000d\000e\000r\000\040\000S\000t\000r\000u\000c\000t\000u\000r\000e}{section.5}% 18
\BOOKMARK [1][-]{section.6}{\376\377\000F\000r\000o\000n\000t\000e\000n\000d\000\040\000M\000o\000d\000u\000l\000e\000s}{}% 19
\BOOKMARK [2][-]{subsection.6.1}{\376\377\000D\000a\000s\000h\000b\000o\000a\000r\000d}{section.6}% 20
\BOOKMARK [2][-]{subsection.6.2}{\376\377\000P\000l\000a\000y\000e\000r\000\040\000M\000a\000n\000a\000g\000e\000m\000e\000n\000t}{section.6}% 21
\BOOKMARK [2][-]{subsection.6.3}{\376\377\000M\000a\000t\000c\000h\000\040\000S\000e\000t\000u\000p}{section.6}% 22
\BOOKMARK [2][-]{subsection.6.4}{\376\377\000L\000i\000v\000e\000\040\000M\000a\000t\000c\000h\000\040\000S\000c\000r\000e\000e\000n}{section.6}% 23
\BOOKMARK [2][-]{subsection.6.5}{\376\377\000A\000n\000a\000l\000y\000t\000i\000c\000s\000\040\000S\000c\000r\000e\000e\000n}{section.6}% 24
\BOOKMARK [1][-]{section.7}{\376\377\000B\000a\000c\000k\000e\000n\000d\000\040\000A\000r\000c\000h\000i\000t\000e\000c\000t\000u\000r\000e}{}% 25
\BOOKMARK [2][-]{subsection.7.1}{\376\377\000B\000a\000c\000k\000e\000n\000d\000\040\000F\000o\000l\000d\000e\000r\000\040\000S\000t\000r\000u\000c\000t\000u\000r\000e}{section.7}% 26
\BOOKMARK [1][-]{section.8}{\376\377\000B\000a\000c\000k\000e\000n\000d\000\040\000M\000o\000d\000u\000l\000e\000s}{}% 27
\BOOKMARK [2][-]{subsection.8.1}{\376\377\000A\000u\000t\000h\000e\000n\000t\000i\000c\000a\000t\000i\000o\000n\000\040\000M\000o\000d\000u\000l\000e\000\040\000\050\000O\000p\000t\000i\000o\000n\000a\000l\000\051}{section.8}% 28
\BOOKMARK [2][-]{subsection.8.2}{\376\377\000P\000l\000a\000y\000e\000r\000\040\000S\000e\000r\000v\000i\000c\000e}{section.8}% 29
\BOOKMARK [2][-]{subsection.8.3}{\376\377\000M\000a\000t\000c\000h\000\040\000S\000e\000r\000v\000i\000c\000e}{section.8}% 30
\BOOKMARK [2][-]{subsection.8.4}{\376\377\000A\000n\000a\000l\000y\000t\000i\000c\000s\000\040\000S\000e\000r\000v\000i\000c\000e}{section.8}% 31
\BOOKMARK [1][-]{section.9}{\376\377\000D\000a\000t\000a\000b\000a\000s\000e\000\040\000A\000r\000c\000h\000i\000t\000e\000c\000t\000u\000r\000e}{}% 32
\BOOKMARK [2][-]{subsection.9.1}{\376\377\000D\000a\000t\000a\000b\000a\000s\000e\000\040\000T\000a\000b\000l\000e\000s}{section.9}% 33
\BOOKMARK [3][-]{subsubsection.9.1.1}{\376\377\000u\000s\000e\000r\000s}{subsection.9.1}% 34
\BOOKMARK [3][-]{subsubsection.9.1.2}{\376\377\000m\000a\000t\000c\000h\000e\000s}{subsection.9.1}% 35
\BOOKMARK [3][-]{subsubsection.9.1.3}{\376\377\000m\000a\000t\000c\000h\000\137\000p\000l\000a\000y\000e\000r\000s}{subsection.9.1}% 36
\BOOKMARK [3][-]{subsubsection.9.1.4}{\376\377\000r\000o\000u\000n\000d\000s}{subsection.9.1}% 37
\BOOKMARK [3][-]{subsubsection.9.1.5}{\376\377\000r\000o\000u\000n\000d\000\137\000s\000c\000o\000r\000e\000s}{subsection.9.1}% 38
\BOOKMARK [1][-]{section.10}{\376\377\000A\000P\000I\000\040\000D\000e\000s\000i\000g\000n}{}% 39
\BOOKMARK [2][-]{subsection.10.1}{\376\377\000P\000l\000a\000y\000e\000r\000\040\000A\000P\000I\000s}{section.10}% 40
\BOOKMARK [2][-]{subsection.10.2}{\376\377\000M\000a\000t\000c\000h\000\040\000A\000P\000I\000s}{section.10}% 41
\BOOKMARK [2][-]{subsection.10.3}{\376\377\000R\000o\000u\000n\000d\000\040\000A\000P\000I\000s}{section.10}% 42
\BOOKMARK [1][-]{section.11}{\376\377\000G\000r\000a\000p\000h\000\040\000S\000y\000s\000t\000e\000m}{}% 43
\BOOKMARK [2][-]{subsection.11.1}{\376\377\000S\000c\000o\000r\000e\000\040\000P\000r\000o\000g\000r\000e\000s\000s\000\040\000G\000r\000a\000p\000h}{section.11}% 44
\BOOKMARK [2][-]{subsection.11.2}{\376\377\000R\000a\000n\000k\000\040\000P\000r\000o\000g\000r\000e\000s\000s\000\040\000G\000r\000a\000p\000h}{section.11}% 45
\BOOKMARK [1][-]{section.12}{\376\377\000S\000t\000a\000t\000e\000\040\000M\000a\000n\000a\000g\000e\000m\000e\000n\000t}{}% 46
\BOOKMARK [2][-]{subsection.12.1}{\376\377\000G\000l\000o\000b\000a\000l\000\040\000S\000t\000a\000t\000e}{section.12}% 47
\BOOKMARK [2][-]{subsection.12.2}{\376\377\000S\000t\000o\000r\000e\000d\000\040\000S\000t\000a\000t\000e\000s}{section.12}% 48
\BOOKMARK [1][-]{section.13}{\376\377\000O\000f\000f\000l\000i\000n\000e\000\040\000S\000t\000r\000a\000t\000e\000g\000y}{}% 49
\BOOKMARK [2][-]{subsection.13.1}{\376\377\000O\000f\000f\000l\000i\000n\000e\000\040\000F\000e\000a\000t\000u\000r\000e\000s}{section.13}% 50
\BOOKMARK [2][-]{subsection.13.2}{\376\377\000S\000y\000n\000c\000\040\000S\000t\000r\000a\000t\000e\000g\000y}{section.13}% 51
\BOOKMARK [1][-]{section.14}{\376\377\000S\000e\000c\000u\000r\000i\000t\000y}{}% 52
\BOOKMARK [2][-]{subsection.14.1}{\376\377\000S\000e\000c\000u\000r\000i\000t\000y\000\040\000F\000e\000a\000t\000u\000r\000e\000s}{section.14}% 53
\BOOKMARK [1][-]{section.15}{\376\377\000P\000e\000r\000f\000o\000r\000m\000a\000n\000c\000e\000\040\000R\000e\000q\000u\000i\000r\000e\000m\000e\000n\000t\000s}{}% 54
\BOOKMARK [1][-]{section.16}{\376\377\000F\000u\000t\000u\000r\000e\000\040\000E\000n\000h\000a\000n\000c\000e\000m\000e\000n\000t\000s}{}% 55
\BOOKMARK [1][-]{section.17}{\376\377\000D\000e\000v\000e\000l\000o\000p\000m\000e\000n\000t\000\040\000R\000o\000a\000d\000m\000a\000p}{}% 56
\BOOKMARK [2][-]{subsection.17.1}{\376\377\000P\000h\000a\000s\000e\000\040\0001\000\040\000-\000\040\000M\000V\000P}{section.17}% 57
\BOOKMARK [2][-]{subsection.17.2}{\376\377\000P\000h\000a\000s\000e\000\040\0002}{section.17}% 58
\BOOKMARK [2][-]{subsection.17.3}{\376\377\000P\000h\000a\000s\000e\000\040\0003}{section.17}% 59
\BOOKMARK [1][-]{section.18}{\376\377\000C\000o\000n\000c\000l\000u\000s\000i\000o\000n}{}% 60
